<?xml version="1.0" encoding="UTF-8"?>
<testsuite name="TestSuite" time="199.417" tests="72" errors="0" skipped="0" failures="2">
  <properties>
    <property name="java.runtime.name" value="Java(TM) SE Runtime Environment"/>
    <property name="sun.boot.library.path" value="C:\Program Files\Java\jdk1.8.0_121\jre\bin"/>
    <property name="java.vm.version" value="25.121-b13"/>
    <property name="java.vm.vendor" value="Oracle Corporation"/>
    <property name="maven.multiModuleProjectDirectory" value="D:\Wrk\Batch_2m"/>
    <property name="java.vendor.url" value="http://java.oracle.com/"/>
    <property name="path.separator" value=";"/>
    <property name="guice.disable.misplaced.annotation.check" value="true"/>
    <property name="java.vm.name" value="Java HotSpot(TM) 64-Bit Server VM"/>
    <property name="file.encoding.pkg" value="sun.io"/>
    <property name="user.script" value=""/>
    <property name="user.country" value="US"/>
    <property name="sun.java.launcher" value="SUN_STANDARD"/>
    <property name="sun.os.patch.level" value="Service Pack 1"/>
    <property name="java.vm.specification.name" value="Java Virtual Machine Specification"/>
    <property name="user.dir" value="D:\Wrk\Batch_2m"/>
    <property name="java.runtime.version" value="1.8.0_121-b13"/>
    <property name="java.awt.graphicsenv" value="sun.awt.Win32GraphicsEnvironment"/>
    <property name="basedir" value="D:\Wrk\Batch_2m"/>
    <property name="java.endorsed.dirs" value="C:\Program Files\Java\jdk1.8.0_121\jre\lib\endorsed"/>
    <property name="os.arch" value="amd64"/>
    <property name="java.io.tmpdir" value="C:\Users\Chaitu\AppData\Local\Temp\"/>
    <property name="line.separator" value="&#10;"/>
    <property name="java.vm.specification.vendor" value="Oracle Corporation"/>
    <property name="user.variant" value=""/>
    <property name="os.name" value="Windows 7"/>
    <property name="classworlds.conf" value="D:\Wrk\.metadata\.plugins\org.eclipse.m2e.launching\launches\m2conf5586132650191696434.tmp"/>
    <property name="sun.jnu.encoding" value="Cp1252"/>
    <property name="java.library.path" value="C:\Program Files\Java\jdk1.8.0_121\bin;C:\Windows\Sun\Java\bin;C:\Windows\system32;C:\Windows;C:/Program Files/Java/jdk1.8.0_121/bin/../jre/bin/server;C:/Program Files/Java/jdk1.8.0_121/bin/../jre/bin;C:/Program Files/Java/jdk1.8.0_121/bin/../jre/lib/amd64;C:\Windows\system32;C:\Windows;C:\Windows\System32\Wbem;C:\Windows\System32\WindowsPowerShell\v1.0\;C:\Program Files\Java\jdk1.8.0_121\bin;C:\Program Files\Java\jdk1.8.0_121\jre\bin;C:\Users\Chaitu\Desktop\apache-maven-3.5.2/bin;;C:\Windows\system32;;."/>
    <property name="surefire.test.class.path" value="D:\Wrk\Batch_2m\target\test-classes;D:\Wrk\Batch_2m\target\classes;C:\Users\Chaitu\.m2\repository\junit\junit\3.8.1\junit-3.8.1.jar;C:\Users\Chaitu\.m2\repository\org\seleniumhq\selenium\selenium-server\2.53.0\selenium-server-2.53.0.jar;C:\Users\Chaitu\.m2\repository\com\beust\jcommander\1.48\jcommander-1.48.jar;C:\Users\Chaitu\.m2\repository\org\bouncycastle\bcprov-jdk15on\1.48\bcprov-jdk15on-1.48.jar;C:\Users\Chaitu\.m2\repository\org\bouncycastle\bcpkix-jdk15on\1.48\bcpkix-jdk15on-1.48.jar;C:\Users\Chaitu\.m2\repository\mx4j\mx4j-tools\3.0.1\mx4j-tools-3.0.1.jar;C:\Users\Chaitu\.m2\repository\org\seleniumhq\selenium\jetty-repacked\9.2.13.v20150730\jetty-repacked-9.2.13.v20150730.jar;C:\Users\Chaitu\.m2\repository\javax\servlet\javax.servlet-api\3.1.0\javax.servlet-api-3.1.0.jar;C:\Users\Chaitu\.m2\repository\org\seleniumhq\selenium\jetty-rc-repacked\5\jetty-rc-repacked-5.jar;C:\Users\Chaitu\.m2\repository\net\jcip\jcip-annotations\1.0\jcip-annotations-1.0.jar;C:\Users\Chaitu\.m2\repository\org\seleniumhq\selenium\selenium-java\2.53.0\selenium-java-2.53.0.jar;C:\Users\Chaitu\.m2\repository\org\seleniumhq\selenium\selenium-chrome-driver\2.53.0\selenium-chrome-driver-2.53.0.jar;C:\Users\Chaitu\.m2\repository\org\seleniumhq\selenium\selenium-remote-driver\2.53.0\selenium-remote-driver-2.53.0.jar;C:\Users\Chaitu\.m2\repository\cglib\cglib-nodep\2.1_3\cglib-nodep-2.1_3.jar;C:\Users\Chaitu\.m2\repository\com\google\code\gson\gson\2.3.1\gson-2.3.1.jar;C:\Users\Chaitu\.m2\repository\org\seleniumhq\selenium\selenium-api\2.53.0\selenium-api-2.53.0.jar;C:\Users\Chaitu\.m2\repository\org\apache\httpcomponents\httpclient\4.5.1\httpclient-4.5.1.jar;C:\Users\Chaitu\.m2\repository\org\apache\httpcomponents\httpcore\4.4.3\httpcore-4.4.3.jar;C:\Users\Chaitu\.m2\repository\commons-logging\commons-logging\1.2\commons-logging-1.2.jar;C:\Users\Chaitu\.m2\repository\com\google\guava\guava\19.0\guava-19.0.jar;C:\Users\Chaitu\.m2\repository\org\seleniumhq\selenium\selenium-edge-driver\2.53.0\selenium-edge-driver-2.53.0.jar;C:\Users\Chaitu\.m2\repository\commons-io\commons-io\2.4\commons-io-2.4.jar;C:\Users\Chaitu\.m2\repository\org\apache\commons\commons-exec\1.3\commons-exec-1.3.jar;C:\Users\Chaitu\.m2\repository\org\seleniumhq\selenium\selenium-firefox-driver\2.53.0\selenium-firefox-driver-2.53.0.jar;C:\Users\Chaitu\.m2\repository\org\seleniumhq\selenium\selenium-ie-driver\2.53.0\selenium-ie-driver-2.53.0.jar;C:\Users\Chaitu\.m2\repository\net\java\dev\jna\jna\4.1.0\jna-4.1.0.jar;C:\Users\Chaitu\.m2\repository\net\java\dev\jna\jna-platform\4.1.0\jna-platform-4.1.0.jar;C:\Users\Chaitu\.m2\repository\org\seleniumhq\selenium\selenium-safari-driver\2.53.0\selenium-safari-driver-2.53.0.jar;C:\Users\Chaitu\.m2\repository\io\netty\netty\3.5.7.Final\netty-3.5.7.Final.jar;C:\Users\Chaitu\.m2\repository\org\seleniumhq\selenium\selenium-support\2.53.0\selenium-support-2.53.0.jar;C:\Users\Chaitu\.m2\repository\org\seleniumhq\selenium\selenium-leg-rc\2.53.0\selenium-leg-rc-2.53.0.jar;C:\Users\Chaitu\.m2\repository\org\yaml\snakeyaml\1.8\snakeyaml-1.8.jar;C:\Users\Chaitu\.m2\repository\commons-codec\commons-codec\1.10\commons-codec-1.10.jar;C:\Users\Chaitu\.m2\repository\org\testng\testng\6.8\testng-6.8.jar;C:\Users\Chaitu\.m2\repository\org\beanshell\bsh\2.0b4\bsh-2.0b4.jar;C:\Users\Chaitu\.m2\repository\net\sourceforge\jexcelapi\jxl\2.6.3\jxl-2.6.3.jar;C:\Users\Chaitu\.m2\repository\log4j\log4j\1.2.14\log4j-1.2.14.jar;C:\Users\Chaitu\.m2\repository\org\apache\maven\surefire\surefire-testng-utils\2.18.1\surefire-testng-utils-2.18.1.jar;C:\Users\Chaitu\.m2\repository\org\apache\maven\surefire\surefire-grouper\2.18.1\surefire-grouper-2.18.1.jar;"/>
    <property name="java.specification.name" value="Java Platform API Specification"/>
    <property name="java.class.version" value="52.0"/>
    <property name="sun.management.compiler" value="HotSpot 64-Bit Tiered Compilers"/>
    <property name="os.version" value="6.1"/>
    <property name="user.home" value="C:\Users\Chaitu"/>
    <property name="user.timezone" value="Asia/Calcutta"/>
    <property name="java.awt.printerjob" value="sun.awt.windows.WPrinterJob"/>
    <property name="java.specification.version" value="1.8"/>
    <property name="file.encoding" value="Cp1252"/>
    <property name="webdriver.gecko.driver" value="C:\Users\Chaitu\Desktop\geckodriver.exe"/>
    <property name="user.name" value="Chaitu"/>
    <property name="java.class.path" value="C:\Users\Chaitu\.p2\pool\plugins\org.eclipse.m2e.maven.runtime_1.8.2.20171007-0216\jars\plexus-classworlds-2.5.2.jar"/>
    <property name="java.vm.specification.version" value="1.8"/>
    <property name="sun.arch.data.model" value="64"/>
    <property name="java.home" value="C:\Program Files\Java\jdk1.8.0_121\jre"/>
    <property name="sun.java.command" value="org.codehaus.plexus.classworlds.launcher.Launcher -B package"/>
    <property name="java.specification.vendor" value="Oracle Corporation"/>
    <property name="user.language" value="en"/>
    <property name="awt.toolkit" value="sun.awt.windows.WToolkit"/>
    <property name="java.vm.info" value="mixed mode"/>
    <property name="java.version" value="1.8.0_121"/>
    <property name="java.ext.dirs" value="C:\Program Files\Java\jdk1.8.0_121\jre\lib\ext;C:\Windows\Sun\Java\lib\ext"/>
    <property name="sun.boot.class.path" value="C:\Program Files\Java\jdk1.8.0_121\jre\lib\resources.jar;C:\Program Files\Java\jdk1.8.0_121\jre\lib\rt.jar;C:\Program Files\Java\jdk1.8.0_121\jre\lib\sunrsasign.jar;C:\Program Files\Java\jdk1.8.0_121\jre\lib\jsse.jar;C:\Program Files\Java\jdk1.8.0_121\jre\lib\jce.jar;C:\Program Files\Java\jdk1.8.0_121\jre\lib\charsets.jar;C:\Program Files\Java\jdk1.8.0_121\jre\lib\jfr.jar;C:\Program Files\Java\jdk1.8.0_121\jre\classes"/>
    <property name="webdriver.chrome.driver" value="C:\Users\Chaitu\Desktop\chromedriver.exe"/>
    <property name="java.vendor" value="Oracle Corporation"/>
    <property name="maven.home" value="D:\Wrk\Batch_2m\EMBEDDED"/>
    <property name="localRepository" value="C:\Users\Chaitu\.m2\repository"/>
    <property name="file.separator" value="\"/>
    <property name="java.vendor.url.bug" value="http://bugreport.sun.com/bugreport/"/>
    <property name="sun.cpu.endian" value="little"/>
    <property name="sun.io.unicode.encoding" value="UnicodeLittle"/>
    <property name="sun.desktop" value="windows"/>
    <property name="sun.cpu.isalist" value="amd64"/>
  </properties>
  <testcase name="tu_001" classname="testcases.Batch_2m.Login" time="8.942"/>
  <testcase name="tu_001" classname="testcases.Batch_2m.Login" time="30.534"/>
  <testcase name="tu_003" classname="testcases.Batch_2m.Login" time="16.494"/>
  <testcase name="tu_003" classname="testcases.Batch_2m.Login" time="6.122"/>
  <testcase name="tu_004" classname="testcases.Batch_2m.Login" time="13.286"/>
  <testcase name="tu_004" classname="testcases.Batch_2m.Login" time="10.444"/>
  <testcase name="tu_004" classname="testcases.Batch_2m.Login" time="12.678"/>
  <testcase name="tu_004" classname="testcases.Batch_2m.Login" time="13.656"/>
  <testcase name="tu_004" classname="testcases.Batch_2m.Login" time="12.768"/>
  <testcase name="tu_004" classname="testcases.Batch_2m.Login" time="16.992"/>
  <testcase name="tu_004" classname="testcases.Batch_2m.Login" time="18.227"/>
  <testcase name="tu_004" classname="testcases.Batch_2m.Login" time="9.421"/>
  <testcase name="tu_002" classname="testcases.Batch_2m.Login" time="10.466"/>
  <testcase name="tu_002" classname="testcases.Batch_2m.Login" time="8.686"/>
  <testcase name="tu_005" classname="testcases.Batch_2m.Admin" time="0.827"/>
  <testcase name="tu_005" classname="testcases.Batch_2m.Admin" time="1.007"/>
  <testcase name="tu_009" classname="testcases.Batch_2m.Admin" time="1.014"/>
  <testcase name="tu_009" classname="testcases.Batch_2m.Admin" time="43.422"/>
  <testcase name="tu_006" classname="testcases.Batch_2m.Admin" time="1.17"/>
  <testcase name="tu_006" classname="testcases.Batch_2m.Admin" time="1.74"/>
  <testcase name="tu_007" classname="testcases.Batch_2m.Admin" time="3.494"/>
  <testcase name="tu_007" classname="testcases.Batch_2m.Admin" time="3.43"/>
  <testcase name="tu_008" classname="testcases.Batch_2m.Admin" time="11.045"/>
  <testcase name="tu_008" classname="testcases.Batch_2m.Admin" time="4.42"/>
  <testcase name="tu_014" classname="testcases.Batch_2m.Admin_PayGrades" time="1.611"/>
  <testcase name="tu_014" classname="testcases.Batch_2m.Admin_PayGrades" time="2.652"/>
  <testcase name="tu_018" classname="testcases.Batch_2m.Admin_PayGrades" time="2.698"/>
  <testcase name="tu_018" classname="testcases.Batch_2m.Admin_PayGrades" time="8.33"/>
  <testcase name="tu_015" classname="testcases.Batch_2m.Admin_PayGrades" time="3.168"/>
  <testcase name="tu_015" classname="testcases.Batch_2m.Admin_PayGrades" time="1.888"/>
  <testcase name="tu_016" classname="testcases.Batch_2m.Admin_PayGrades" time="0.14"/>
  <testcase name="tu_016" classname="testcases.Batch_2m.Admin_PayGrades" time="2.422"/>
  <testcase name="tu_016" classname="testcases.Batch_2m.Admin_PayGrades" time="0.206"/>
  <testcase name="tu_016" classname="testcases.Batch_2m.Admin_PayGrades" time="2.121"/>
  <testcase name="tu_016" classname="testcases.Batch_2m.Admin_PayGrades" time="3.558"/>
  <testcase name="tu_016" classname="testcases.Batch_2m.Admin_PayGrades" time="3.401"/>
  <testcase name="tu_016" classname="testcases.Batch_2m.Admin_PayGrades" time="3.495"/>
  <testcase name="tu_016" classname="testcases.Batch_2m.Admin_PayGrades" time="3.759"/>
  <testcase name="tu_016" classname="testcases.Batch_2m.Admin_PayGrades" time="4.165"/>
  <testcase name="tu_016" classname="testcases.Batch_2m.Admin_PayGrades" time="3.947"/>
  <testcase name="tu_010" classname="testcases.Batch_2m.Admin_job" time="1.15"/>
  <testcase name="tu_010" classname="testcases.Batch_2m.Admin_job" time="2.309"/>
  <testcase name="tu_011" classname="testcases.Batch_2m.Admin_job" time="3.338"/>
  <testcase name="tu_011" classname="testcases.Batch_2m.Admin_job" time="5.257"/>
  <testcase name="tu_012" classname="testcases.Batch_2m.Admin_job" time="1.544"/>
  <testcase name="tu_012" classname="testcases.Batch_2m.Admin_job" time="1.716"/>
  <testcase name="tu_013" classname="testcases.Batch_2m.Admin_job" time="0.223"/>
  <testcase name="tu_013" classname="testcases.Batch_2m.Admin_job" time="5.788"/>
  <testcase name="tu_017" classname="testcases.Batch_2m.Admin_PayGrades" time="5.894"/>
  <testcase name="tu_017" classname="testcases.Batch_2m.Admin_PayGrades" time="5.803"/>
  <testcase name="tu_019" classname="testcases.Batch_2m.Employee_Class" time="4.727"/>
  <testcase name="tu_019" classname="testcases.Batch_2m.Employee_Class" time="1.244"/>
  <testcase name="tu_020" classname="testcases.Batch_2m.Employee_Class" time="4.493"/>
  <testcase name="tu_020" classname="testcases.Batch_2m.Employee_Class" time="4.418"/>
  <testcase name="tu_021" classname="testcases.Batch_2m.Employee_Class" time="14.383"/>
  <testcase name="tu_021" classname="testcases.Batch_2m.Employee_Class" time="2.492"/>
  <testcase name="tu_022" classname="testcases.Batch_2m.Org_Gen_Info" time="2.542"/>
  <testcase name="tu_022" classname="testcases.Batch_2m.Org_Gen_Info" time="1.358"/>
  <testcase name="tu_023" classname="testcases.Batch_2m.Org_Gen_Info" time="2.278"/>
  <testcase name="tu_023" classname="testcases.Batch_2m.Org_Gen_Info" time="1.621"/>
  <testcase name="tu_024" classname="testcases.Batch_2m.Org_struct" time="52.681"/>
  <testcase name="tu_024" classname="testcases.Batch_2m.Org_struct" time="5.663"/>
  <testcase name="tu_025" classname="testcases.Batch_2m.Org_struct" time="12.293"/>
  <testcase name="tu_025" classname="testcases.Batch_2m.Org_struct" time="8.236"/>
  <testcase name="tu_026" classname="testcases.Batch_2m.Org_struct" time="8.518">
    <failure message="Element is not clickable at point (76, 396). Other element would receive the click: &lt;div class=&quot;modal-backdrop  in&quot;&gt;&lt;/div&gt;&#10;Command duration or timeout: 8.49 seconds&#10;Build info: version: &apos;2.53.0&apos;, revision: &apos;35ae25b1534ae328c771e0856c93e187490ca824&apos;, time: &apos;2016-03-15 10:43:46&apos;&#10;System info: host: &apos;Chaitu-PC&apos;, ip: &apos;192.168.43.149&apos;, os.name: &apos;Windows 7&apos;, os.arch: &apos;amd64&apos;, os.version: &apos;6.1&apos;, java.version: &apos;1.8.0_121&apos;&#10;Driver info: org.openqa.selenium.firefox.FirefoxDriver&#10;Capabilities [{applicationCacheEnabled=true, rotatable=false, handlesAlerts=true, databaseEnabled=true, version=40.0, platform=WINDOWS, nativeEvents=false, acceptSslCerts=true, webStorageEnabled=true, locationContextEnabled=true, browserName=firefox, takesScreenshot=true, javascriptEnabled=true, cssSelectorsEnabled=true}]&#10;Session ID: 26af5d33-86d5-41d7-8396-18de08f80611" type="org.openqa.selenium.WebDriverException"><![CDATA[org.openqa.selenium.WebDriverException: Element is not clickable at point (76, 396). Other element would receive the click: <div class="modal-backdrop  in"></div>
Command duration or timeout: 8.49 seconds
Build info: version: '2.53.0', revision: '35ae25b1534ae328c771e0856c93e187490ca824', time: '2016-03-15 10:43:46'
System info: host: 'Chaitu-PC', ip: '192.168.43.149', os.name: 'Windows 7', os.arch: 'amd64', os.version: '6.1', java.version: '1.8.0_121'
Driver info: org.openqa.selenium.firefox.FirefoxDriver
Capabilities [{applicationCacheEnabled=true, rotatable=false, handlesAlerts=true, databaseEnabled=true, version=40.0, platform=WINDOWS, nativeEvents=false, acceptSslCerts=true, webStorageEnabled=true, locationContextEnabled=true, browserName=firefox, takesScreenshot=true, javascriptEnabled=true, cssSelectorsEnabled=true}]
Session ID: 26af5d33-86d5-41d7-8396-18de08f80611
	at sun.reflect.NativeConstructorAccessorImpl.newInstance0(Native Method)
	at sun.reflect.NativeConstructorAccessorImpl.newInstance(NativeConstructorAccessorImpl.java:62)
	at sun.reflect.DelegatingConstructorAccessorImpl.newInstance(DelegatingConstructorAccessorImpl.java:45)
	at java.lang.reflect.Constructor.newInstance(Constructor.java:423)
	at org.openqa.selenium.remote.ErrorHandler.createThrowable(ErrorHandler.java:206)
	at org.openqa.selenium.remote.ErrorHandler.throwIfResponseFailed(ErrorHandler.java:158)
	at org.openqa.selenium.remote.RemoteWebDriver.execute(RemoteWebDriver.java:678)
	at org.openqa.selenium.remote.RemoteWebElement.execute(RemoteWebElement.java:327)
	at org.openqa.selenium.remote.RemoteWebElement.click(RemoteWebElement.java:85)
	at testcases.Batch_2m.Org_struct.tu_026(Org_struct.java:117)
]]></failure>
  </testcase>
  <testcase name="tu_026" classname="testcases.Batch_2m.Org_struct" time="0.606">
    <failure message="element not visible&#10;  (Session info: chrome=65.0.3325.181)&#10;  (Driver info: chromedriver=2.35.528161 (5b82f2d2aae0ca24b877009200ced9065a772e73),platform=Windows NT 6.1.7601 SP1 x86_64) (WARNING: The server did not provide any stacktrace information)&#10;Command duration or timeout: 31 milliseconds&#10;Build info: version: &apos;2.53.0&apos;, revision: &apos;35ae25b1534ae328c771e0856c93e187490ca824&apos;, time: &apos;2016-03-15 10:43:46&apos;&#10;System info: host: &apos;Chaitu-PC&apos;, ip: &apos;192.168.43.149&apos;, os.name: &apos;Windows 7&apos;, os.arch: &apos;amd64&apos;, os.version: &apos;6.1&apos;, java.version: &apos;1.8.0_121&apos;&#10;Driver info: org.openqa.selenium.chrome.ChromeDriver&#10;Capabilities [{applicationCacheEnabled=false, rotatable=false, mobileEmulationEnabled=false, networkConnectionEnabled=false, chrome={chromedriverVersion=2.35.528161 (5b82f2d2aae0ca24b877009200ced9065a772e73), userDataDir=C:\Users\Chaitu\AppData\Local\Temp\scoped_dir3316_8518}, takesHeapSnapshot=true, pageLoadStrategy=normal, databaseEnabled=false, handlesAlerts=true, hasTouchScreen=false, version=65.0.3325.181, platform=XP, browserConnectionEnabled=false, nativeEvents=true, acceptSslCerts=false, acceptInsecureCerts=false, locationContextEnabled=true, webStorageEnabled=true, browserName=chrome, takesScreenshot=true, javascriptEnabled=true, cssSelectorsEnabled=true, setWindowRect=true, unexpectedAlertBehaviour=}]&#10;Session ID: fd77c99ddcf3fa0cd10c9d02dad07e48" type="org.openqa.selenium.ElementNotVisibleException">org.openqa.selenium.ElementNotVisibleException: element not visible
  (Session info: chrome=65.0.3325.181)
  (Driver info: chromedriver=2.35.528161 (5b82f2d2aae0ca24b877009200ced9065a772e73),platform=Windows NT 6.1.7601 SP1 x86_64) (WARNING: The server did not provide any stacktrace information)
Command duration or timeout: 31 milliseconds
Build info: version: '2.53.0', revision: '35ae25b1534ae328c771e0856c93e187490ca824', time: '2016-03-15 10:43:46'
System info: host: 'Chaitu-PC', ip: '192.168.43.149', os.name: 'Windows 7', os.arch: 'amd64', os.version: '6.1', java.version: '1.8.0_121'
Driver info: org.openqa.selenium.chrome.ChromeDriver
Capabilities [{applicationCacheEnabled=false, rotatable=false, mobileEmulationEnabled=false, networkConnectionEnabled=false, chrome={chromedriverVersion=2.35.528161 (5b82f2d2aae0ca24b877009200ced9065a772e73), userDataDir=C:\Users\Chaitu\AppData\Local\Temp\scoped_dir3316_8518}, takesHeapSnapshot=true, pageLoadStrategy=normal, databaseEnabled=false, handlesAlerts=true, hasTouchScreen=false, version=65.0.3325.181, platform=XP, browserConnectionEnabled=false, nativeEvents=true, acceptSslCerts=false, acceptInsecureCerts=false, locationContextEnabled=true, webStorageEnabled=true, browserName=chrome, takesScreenshot=true, javascriptEnabled=true, cssSelectorsEnabled=true, setWindowRect=true, unexpectedAlertBehaviour=}]
Session ID: fd77c99ddcf3fa0cd10c9d02dad07e48
	at sun.reflect.NativeConstructorAccessorImpl.newInstance0(Native Method)
	at sun.reflect.NativeConstructorAccessorImpl.newInstance(NativeConstructorAccessorImpl.java:62)
	at sun.reflect.DelegatingConstructorAccessorImpl.newInstance(DelegatingConstructorAccessorImpl.java:45)
	at java.lang.reflect.Constructor.newInstance(Constructor.java:423)
	at org.openqa.selenium.remote.ErrorHandler.createThrowable(ErrorHandler.java:206)
	at org.openqa.selenium.remote.ErrorHandler.throwIfResponseFailed(ErrorHandler.java:158)
	at org.openqa.selenium.remote.RemoteWebDriver.execute(RemoteWebDriver.java:678)
	at org.openqa.selenium.remote.RemoteWebElement.execute(RemoteWebElement.java:327)
	at org.openqa.selenium.remote.RemoteWebElement.click(RemoteWebElement.java:85)
	at testcases.Batch_2m.Org_struct.tu_026(Org_struct.java:133)
</failure>
  </testcase>
  <testcase name="tu_027" classname="testcases.Batch_2m.Nationality" time="2.277"/>
  <testcase name="tu_027" classname="testcases.Batch_2m.Nationality" time="1.411"/>
  <testcase name="tu_028" classname="testcases.Batch_2m.Nationality" time="4.244"/>
  <testcase name="tu_028" classname="testcases.Batch_2m.Nationality" time="4.53"/>
  <testcase name="tu_029" classname="testcases.Batch_2m.Nationality" time="4.477"/>
  <testcase name="tu_029" classname="testcases.Batch_2m.Nationality" time="3.92"/>
</testsuite>