<?xml version="1.0" encoding="UTF-8"?>
<testng-results skipped="0" failed="2" total="72" passed="70">
  <reporter-output>
  </reporter-output>
  <suite name="Suite" duration-ms="862278" started-at="2018-04-10T05:14:55Z" finished-at="2018-04-10T05:29:17Z">
    <groups>
    </groups>
    <test name="Test1.1" duration-ms="137482" started-at="2018-04-10T05:14:55Z" finished-at="2018-04-10T05:17:12Z">
      <class name="testcases.Batch_2m.Login">
        <test-method status="PASS" signature="tu_001(java.lang.String)[pri:0, instance:testcases.Batch_2m.Login@58f31629]" name="tu_001" duration-ms="8926" started-at="2018-04-10T10:44:55Z" finished-at="2018-04-10T10:45:04Z">
          <params>
            <param index="0">
              <value>
                <![CDATA[firefox]]>
              </value>
            </param>
          </params>
          <reporter-output>
          </reporter-output>
        </test-method> <!-- tu_001 -->
        <test-method status="PASS" signature="tu_003()[pri:0, instance:testcases.Batch_2m.Login@58f31629]" name="tu_003" duration-ms="16494" started-at="2018-04-10T10:45:04Z" finished-at="2018-04-10T10:45:20Z">
          <reporter-output>
          </reporter-output>
        </test-method> <!-- tu_003 -->
        <test-method status="PASS" signature="tu_004(java.lang.String, java.lang.String)[pri:0, instance:testcases.Batch_2m.Login@58f31629]" name="tu_004" duration-ms="13286" started-at="2018-04-10T10:45:21Z" data-provider="TestData" finished-at="2018-04-10T10:45:34Z">
          <params>
            <param index="0">
              <value>
                <![CDATA[  ]]>
              </value>
            </param>
            <param index="1">
              <value>
                <![CDATA[  ]]>
              </value>
            </param>
          </params>
          <reporter-output>
          </reporter-output>
        </test-method> <!-- tu_004 -->
        <test-method status="PASS" signature="tu_004(java.lang.String, java.lang.String)[pri:0, instance:testcases.Batch_2m.Login@58f31629]" name="tu_004" duration-ms="10444" started-at="2018-04-10T10:45:34Z" data-provider="TestData" finished-at="2018-04-10T10:45:44Z">
          <params>
            <param index="0">
              <value>
                <![CDATA[]]>
              </value>
            </param>
            <param index="1">
              <value>
                <![CDATA[admin]]>
              </value>
            </param>
          </params>
          <reporter-output>
          </reporter-output>
        </test-method> <!-- tu_004 -->
        <test-method status="PASS" signature="tu_004(java.lang.String, java.lang.String)[pri:0, instance:testcases.Batch_2m.Login@58f31629]" name="tu_004" duration-ms="12678" started-at="2018-04-10T10:45:44Z" data-provider="TestData" finished-at="2018-04-10T10:45:57Z">
          <params>
            <param index="0">
              <value>
                <![CDATA[Admin]]>
              </value>
            </param>
            <param index="1">
              <value>
                <![CDATA[  ]]>
              </value>
            </param>
          </params>
          <reporter-output>
          </reporter-output>
        </test-method> <!-- tu_004 -->
        <test-method status="PASS" signature="tu_004(java.lang.String, java.lang.String)[pri:0, instance:testcases.Batch_2m.Login@58f31629]" name="tu_004" duration-ms="13656" started-at="2018-04-10T10:45:57Z" data-provider="TestData" finished-at="2018-04-10T10:46:11Z">
          <params>
            <param index="0">
              <value>
                <![CDATA[adminos1]]>
              </value>
            </param>
            <param index="1">
              <value>
                <![CDATA[admin]]>
              </value>
            </param>
          </params>
          <reporter-output>
          </reporter-output>
        </test-method> <!-- tu_004 -->
        <test-method status="PASS" signature="tu_002()[pri:0, instance:testcases.Batch_2m.Login@58f31629]" name="tu_002" duration-ms="10466" started-at="2018-04-10T10:46:11Z" depends-on-methods="testcases.Batch_2m.Login.tu_001" finished-at="2018-04-10T10:46:21Z">
          <reporter-output>
          </reporter-output>
        </test-method> <!-- tu_002 -->
      </class> <!-- testcases.Batch_2m.Login -->
      <class name="testcases.Batch_2m.Admin">
        <test-method status="PASS" signature="launch(java.lang.String)[pri:0, instance:testcases.Batch_2m.Admin@52831a73]" name="launch" is-config="true" duration-ms="33435" started-at="2018-04-10T10:46:21Z" finished-at="2018-04-10T10:46:55Z">
          <params>
            <param index="0">
              <value>
                <![CDATA[firefox]]>
              </value>
            </param>
          </params>
          <reporter-output>
          </reporter-output>
        </test-method> <!-- launch -->
        <test-method status="PASS" signature="tu_005()[pri:0, instance:testcases.Batch_2m.Admin@52831a73]" name="tu_005" duration-ms="843" started-at="2018-04-10T10:46:55Z" finished-at="2018-04-10T10:46:55Z">
          <reporter-output>
          </reporter-output>
        </test-method> <!-- tu_005 -->
        <test-method status="PASS" signature="tu_009()[pri:0, instance:testcases.Batch_2m.Admin@52831a73]" name="tu_009" duration-ms="1014" started-at="2018-04-10T10:46:55Z" finished-at="2018-04-10T10:46:56Z">
          <reporter-output>
          </reporter-output>
        </test-method> <!-- tu_009 -->
        <test-method status="PASS" signature="tu_006()[pri:0, instance:testcases.Batch_2m.Admin@52831a73]" name="tu_006" duration-ms="1170" started-at="2018-04-10T10:46:56Z" depends-on-methods="testcases.Batch_2m.Admin.tu_005" finished-at="2018-04-10T10:46:58Z">
          <reporter-output>
          </reporter-output>
        </test-method> <!-- tu_006 -->
        <test-method status="PASS" signature="tu_007(java.lang.String)[pri:0, instance:testcases.Batch_2m.Admin@52831a73]" name="tu_007" duration-ms="3494" started-at="2018-04-10T10:46:58Z" depends-on-methods="testcases.Batch_2m.Admin.tu_006" finished-at="2018-04-10T10:47:01Z">
          <params>
            <param index="0">
              <value>
                <![CDATA[shreyasmedia12415648]]>
              </value>
            </param>
          </params>
          <reporter-output>
          </reporter-output>
        </test-method> <!-- tu_007 -->
        <test-method status="PASS" signature="tu_008(java.lang.String)[pri:0, instance:testcases.Batch_2m.Admin@52831a73]" name="tu_008" duration-ms="11045" started-at="2018-04-10T10:47:01Z" depends-on-methods="testcases.Batch_2m.Admin.tu_007" finished-at="2018-04-10T10:47:12Z">
          <params>
            <param index="0">
              <value>
                <![CDATA[shreyasmedia12415648]]>
              </value>
            </param>
          </params>
          <reporter-output>
          </reporter-output>
        </test-method> <!-- tu_008 -->
        <test-method status="PASS" signature="close()[pri:0, instance:testcases.Batch_2m.Admin@52831a73]" name="close" is-config="true" duration-ms="0" started-at="2018-04-10T10:47:12Z" finished-at="2018-04-10T10:47:12Z">
          <reporter-output>
          </reporter-output>
        </test-method> <!-- close -->
      </class> <!-- testcases.Batch_2m.Admin -->
    </test> <!-- Test1.1 -->
    <test name="Test1" duration-ms="165314" started-at="2018-04-10T05:17:12Z" finished-at="2018-04-10T05:19:57Z">
      <class name="testcases.Batch_2m.Login">
        <test-method status="PASS" signature="tu_001(java.lang.String)[pri:0, instance:testcases.Batch_2m.Login@4dfdfe7d]" name="tu_001" duration-ms="30534" started-at="2018-04-10T10:47:12Z" finished-at="2018-04-10T10:47:43Z">
          <params>
            <param index="0">
              <value>
                <![CDATA[chrome]]>
              </value>
            </param>
          </params>
          <reporter-output>
          </reporter-output>
        </test-method> <!-- tu_001 -->
        <test-method status="PASS" signature="tu_003()[pri:0, instance:testcases.Batch_2m.Login@4dfdfe7d]" name="tu_003" duration-ms="68420" started-at="2018-04-10T10:47:43Z" finished-at="2018-04-10T10:48:51Z">
          <reporter-output>
          </reporter-output>
        </test-method> <!-- tu_003 -->
        <test-method status="PASS" signature="tu_004(java.lang.String, java.lang.String)[pri:0, instance:testcases.Batch_2m.Login@4dfdfe7d]" name="tu_004" duration-ms="12768" started-at="2018-04-10T10:48:51Z" data-provider="TestData" finished-at="2018-04-10T10:49:04Z">
          <params>
            <param index="0">
              <value>
                <![CDATA[  ]]>
              </value>
            </param>
            <param index="1">
              <value>
                <![CDATA[  ]]>
              </value>
            </param>
          </params>
          <reporter-output>
          </reporter-output>
        </test-method> <!-- tu_004 -->
        <test-method status="PASS" signature="tu_004(java.lang.String, java.lang.String)[pri:0, instance:testcases.Batch_2m.Login@4dfdfe7d]" name="tu_004" duration-ms="16992" started-at="2018-04-10T10:49:04Z" data-provider="TestData" finished-at="2018-04-10T10:49:21Z">
          <params>
            <param index="0">
              <value>
                <![CDATA[]]>
              </value>
            </param>
            <param index="1">
              <value>
                <![CDATA[admin]]>
              </value>
            </param>
          </params>
          <reporter-output>
          </reporter-output>
        </test-method> <!-- tu_004 -->
        <test-method status="PASS" signature="tu_004(java.lang.String, java.lang.String)[pri:0, instance:testcases.Batch_2m.Login@4dfdfe7d]" name="tu_004" duration-ms="18227" started-at="2018-04-10T10:49:21Z" data-provider="TestData" finished-at="2018-04-10T10:49:39Z">
          <params>
            <param index="0">
              <value>
                <![CDATA[Admin]]>
              </value>
            </param>
            <param index="1">
              <value>
                <![CDATA[  ]]>
              </value>
            </param>
          </params>
          <reporter-output>
          </reporter-output>
        </test-method> <!-- tu_004 -->
        <test-method status="PASS" signature="tu_004(java.lang.String, java.lang.String)[pri:0, instance:testcases.Batch_2m.Login@4dfdfe7d]" name="tu_004" duration-ms="9421" started-at="2018-04-10T10:49:39Z" data-provider="TestData" finished-at="2018-04-10T10:49:49Z">
          <params>
            <param index="0">
              <value>
                <![CDATA[adminos1]]>
              </value>
            </param>
            <param index="1">
              <value>
                <![CDATA[admin]]>
              </value>
            </param>
          </params>
          <reporter-output>
          </reporter-output>
        </test-method> <!-- tu_004 -->
        <test-method status="PASS" signature="tu_002()[pri:0, instance:testcases.Batch_2m.Login@4dfdfe7d]" name="tu_002" duration-ms="8686" started-at="2018-04-10T10:49:49Z" depends-on-methods="testcases.Batch_2m.Login.tu_001" finished-at="2018-04-10T10:49:57Z">
          <reporter-output>
          </reporter-output>
        </test-method> <!-- tu_002 -->
      </class> <!-- testcases.Batch_2m.Login -->
      <class name="testcases.Batch_2m.Admin">
        <test-method status="PASS" signature="launch(java.lang.String)[pri:0, instance:testcases.Batch_2m.Admin@1578b8ec]" name="launch" is-config="true" duration-ms="43227" started-at="2018-04-10T10:47:12Z" finished-at="2018-04-10T10:47:55Z">
          <params>
            <param index="0">
              <value>
                <![CDATA[chrome]]>
              </value>
            </param>
          </params>
          <reporter-output>
          </reporter-output>
        </test-method> <!-- launch -->
        <test-method status="PASS" signature="tu_005()[pri:0, instance:testcases.Batch_2m.Admin@1578b8ec]" name="tu_005" duration-ms="1006" started-at="2018-04-10T10:47:55Z" finished-at="2018-04-10T10:47:56Z">
          <reporter-output>
          </reporter-output>
        </test-method> <!-- tu_005 -->
        <test-method status="PASS" signature="tu_009()[pri:0, instance:testcases.Batch_2m.Admin@1578b8ec]" name="tu_009" duration-ms="43423" started-at="2018-04-10T10:47:56Z" finished-at="2018-04-10T10:48:40Z">
          <reporter-output>
          </reporter-output>
        </test-method> <!-- tu_009 -->
        <test-method status="PASS" signature="tu_006()[pri:0, instance:testcases.Batch_2m.Admin@1578b8ec]" name="tu_006" duration-ms="1740" started-at="2018-04-10T10:48:40Z" depends-on-methods="testcases.Batch_2m.Admin.tu_005" finished-at="2018-04-10T10:48:42Z">
          <reporter-output>
          </reporter-output>
        </test-method> <!-- tu_006 -->
        <test-method status="PASS" signature="tu_007(java.lang.String)[pri:0, instance:testcases.Batch_2m.Admin@1578b8ec]" name="tu_007" duration-ms="3430" started-at="2018-04-10T10:48:42Z" depends-on-methods="testcases.Batch_2m.Admin.tu_006" finished-at="2018-04-10T10:48:45Z">
          <params>
            <param index="0">
              <value>
                <![CDATA[shreyasmedia113154658d]]>
              </value>
            </param>
          </params>
          <reporter-output>
          </reporter-output>
        </test-method> <!-- tu_007 -->
        <test-method status="PASS" signature="tu_008(java.lang.String)[pri:0, instance:testcases.Batch_2m.Admin@1578b8ec]" name="tu_008" duration-ms="4420" started-at="2018-04-10T10:48:45Z" depends-on-methods="testcases.Batch_2m.Admin.tu_007" finished-at="2018-04-10T10:48:49Z">
          <params>
            <param index="0">
              <value>
                <![CDATA[shreyasmedia113154658d]]>
              </value>
            </param>
          </params>
          <reporter-output>
          </reporter-output>
        </test-method> <!-- tu_008 -->
        <test-method status="PASS" signature="close()[pri:0, instance:testcases.Batch_2m.Admin@1578b8ec]" name="close" is-config="true" duration-ms="72" started-at="2018-04-10T10:48:49Z" finished-at="2018-04-10T10:48:49Z">
          <reporter-output>
          </reporter-output>
        </test-method> <!-- close -->
      </class> <!-- testcases.Batch_2m.Admin -->
    </test> <!-- Test1 -->
    <test name="Test2" duration-ms="56063" started-at="2018-04-10T05:19:57Z" finished-at="2018-04-10T05:20:54Z">
      <class name="testcases.Batch_2m.Admin_job">
        <test-method status="PASS" signature="Jobpage(java.lang.String)[pri:0, instance:testcases.Batch_2m.Admin_job@7df6d663]" name="Jobpage" is-config="true" duration-ms="35615" started-at="2018-04-10T10:49:57Z" finished-at="2018-04-10T10:50:33Z">
          <params>
            <param index="0">
              <value>
                <![CDATA[chrome]]>
              </value>
            </param>
          </params>
          <reporter-output>
          </reporter-output>
        </test-method> <!-- Jobpage -->
        <test-method status="PASS" signature="tu_010()[pri:0, instance:testcases.Batch_2m.Admin_job@7df6d663]" name="tu_010" duration-ms="1291" started-at="2018-04-10T10:50:33Z" finished-at="2018-04-10T10:50:34Z">
          <reporter-output>
          </reporter-output>
        </test-method> <!-- tu_010 -->
        <test-method status="PASS" signature="tu_011()[pri:0, instance:testcases.Batch_2m.Admin_job@7df6d663]" name="tu_011" duration-ms="5760" started-at="2018-04-10T10:50:34Z" finished-at="2018-04-10T10:50:40Z">
          <reporter-output>
          </reporter-output>
        </test-method> <!-- tu_011 -->
        <test-method status="PASS" signature="tu_012()[pri:0, instance:testcases.Batch_2m.Admin_job@7df6d663]" name="tu_012" duration-ms="1750" started-at="2018-04-10T10:50:40Z" depends-on-methods="testcases.Batch_2m.Admin_job.tu_011" finished-at="2018-04-10T10:50:42Z">
          <reporter-output>
          </reporter-output>
        </test-method> <!-- tu_012 -->
        <test-method status="PASS" signature="tu_013()[pri:0, instance:testcases.Batch_2m.Admin_job@7df6d663]" name="tu_013" duration-ms="2346" started-at="2018-04-10T10:50:42Z" depends-on-methods="testcases.Batch_2m.Admin_job.tu_012" finished-at="2018-04-10T10:50:44Z">
          <reporter-output>
          </reporter-output>
        </test-method> <!-- tu_013 -->
        <test-method status="PASS" signature="close()[pri:0, instance:testcases.Batch_2m.Admin_job@7df6d663]" name="close" is-config="true" duration-ms="63" started-at="2018-04-10T10:50:44Z" finished-at="2018-04-10T10:50:44Z">
          <reporter-output>
          </reporter-output>
        </test-method> <!-- close -->
      </class> <!-- testcases.Batch_2m.Admin_job -->
      <class name="testcases.Batch_2m.Admin_PayGrades">
        <test-method status="PASS" signature="Launch(java.lang.String)[pri:0, instance:testcases.Batch_2m.Admin_PayGrades@13d019a4]" name="Launch" is-config="true" duration-ms="24024" started-at="2018-04-10T10:49:57Z" finished-at="2018-04-10T10:50:21Z">
          <params>
            <param index="0">
              <value>
                <![CDATA[chrome]]>
              </value>
            </param>
          </params>
          <reporter-output>
          </reporter-output>
        </test-method> <!-- Launch -->
        <test-method status="PASS" signature="tu_014()[pri:0, instance:testcases.Batch_2m.Admin_PayGrades@13d019a4]" name="tu_014" duration-ms="1611" started-at="2018-04-10T10:50:21Z" finished-at="2018-04-10T10:50:23Z">
          <reporter-output>
          </reporter-output>
        </test-method> <!-- tu_014 -->
        <test-method status="PASS" signature="tu_018()[pri:0, instance:testcases.Batch_2m.Admin_PayGrades@13d019a4]" name="tu_018" duration-ms="2698" started-at="2018-04-10T10:50:23Z" finished-at="2018-04-10T10:50:26Z">
          <reporter-output>
          </reporter-output>
        </test-method> <!-- tu_018 -->
        <test-method status="PASS" signature="tu_015()[pri:0, instance:testcases.Batch_2m.Admin_PayGrades@13d019a4]" name="tu_015" duration-ms="3166" started-at="2018-04-10T10:50:26Z" depends-on-methods="testcases.Batch_2m.Admin_PayGrades.tu_014" finished-at="2018-04-10T10:50:29Z">
          <reporter-output>
          </reporter-output>
        </test-method> <!-- tu_015 -->
        <test-method status="PASS" signature="tu_016(java.lang.String)[pri:0, instance:testcases.Batch_2m.Admin_PayGrades@13d019a4]" name="tu_016" duration-ms="4082" started-at="2018-04-10T10:50:29Z" data-provider="TestData" depends-on-methods="testcases.Batch_2m.Admin_PayGrades.tu_015" finished-at="2018-04-10T10:50:33Z">
          <params>
            <param index="0">
              <value>
                <![CDATA[kamal]]>
              </value>
            </param>
          </params>
          <reporter-output>
          </reporter-output>
        </test-method> <!-- tu_016 -->
        <test-method status="PASS" signature="tu_016(java.lang.String)[pri:0, instance:testcases.Batch_2m.Admin_PayGrades@13d019a4]" name="tu_016" duration-ms="3572" started-at="2018-04-10T10:50:33Z" data-provider="TestData" depends-on-methods="testcases.Batch_2m.Admin_PayGrades.tu_015" finished-at="2018-04-10T10:50:37Z">
          <params>
            <param index="0">
              <value>
                <![CDATA[kamal123]]>
              </value>
            </param>
          </params>
          <reporter-output>
          </reporter-output>
        </test-method> <!-- tu_016 -->
        <test-method status="PASS" signature="tu_016(java.lang.String)[pri:0, instance:testcases.Batch_2m.Admin_PayGrades@13d019a4]" name="tu_016" duration-ms="3547" started-at="2018-04-10T10:50:37Z" data-provider="TestData" depends-on-methods="testcases.Batch_2m.Admin_PayGrades.tu_015" finished-at="2018-04-10T10:50:40Z">
          <params>
            <param index="0">
              <value>
                <![CDATA[456721]]>
              </value>
            </param>
          </params>
          <reporter-output>
          </reporter-output>
        </test-method> <!-- tu_016 -->
        <test-method status="PASS" signature="tu_016(java.lang.String)[pri:0, instance:testcases.Batch_2m.Admin_PayGrades@13d019a4]" name="tu_016" duration-ms="3667" started-at="2018-04-10T10:50:40Z" data-provider="TestData" depends-on-methods="testcases.Batch_2m.Admin_PayGrades.tu_015" finished-at="2018-04-10T10:50:44Z">
          <params>
            <param index="0">
              <value>
                <![CDATA[kamal_11]]>
              </value>
            </param>
          </params>
          <reporter-output>
          </reporter-output>
        </test-method> <!-- tu_016 -->
        <test-method status="PASS" signature="tu_016(java.lang.String)[pri:0, instance:testcases.Batch_2m.Admin_PayGrades@13d019a4]" name="tu_016" duration-ms="3558" started-at="2018-04-10T10:50:44Z" data-provider="TestData" depends-on-methods="testcases.Batch_2m.Admin_PayGrades.tu_015" finished-at="2018-04-10T10:50:48Z">
          <params>
            <param index="0">
              <value>
                <![CDATA[_kamal]]>
              </value>
            </param>
          </params>
          <reporter-output>
          </reporter-output>
        </test-method> <!-- tu_016 -->
        <test-method status="PASS" signature="tu_017()[pri:0, instance:testcases.Batch_2m.Admin_PayGrades@13d019a4]" name="tu_017" duration-ms="5894" started-at="2018-04-10T10:50:48Z" depends-on-methods="testcases.Batch_2m.Admin_PayGrades.tu_015" finished-at="2018-04-10T10:50:53Z">
          <reporter-output>
          </reporter-output>
        </test-method> <!-- tu_017 -->
        <test-method status="PASS" signature="close()[pri:0, instance:testcases.Batch_2m.Admin_PayGrades@13d019a4]" name="close" is-config="true" duration-ms="51" started-at="2018-04-10T10:50:53Z" finished-at="2018-04-10T10:50:54Z">
          <reporter-output>
          </reporter-output>
        </test-method> <!-- close -->
      </class> <!-- testcases.Batch_2m.Admin_PayGrades -->
    </test> <!-- Test2 -->
    <test name="Test2.1" duration-ms="82630" started-at="2018-04-10T05:20:54Z" finished-at="2018-04-10T05:22:16Z">
      <class name="testcases.Batch_2m.Admin_job">
        <test-method status="PASS" signature="Jobpage(java.lang.String)[pri:0, instance:testcases.Batch_2m.Admin_job@c2df90e]" name="Jobpage" is-config="true" duration-ms="14072" started-at="2018-04-10T10:50:54Z" finished-at="2018-04-10T10:51:08Z">
          <params>
            <param index="0">
              <value>
                <![CDATA[firefox]]>
              </value>
            </param>
          </params>
          <reporter-output>
          </reporter-output>
        </test-method> <!-- Jobpage -->
        <test-method status="PASS" signature="tu_010()[pri:0, instance:testcases.Batch_2m.Admin_job@c2df90e]" name="tu_010" duration-ms="2309" started-at="2018-04-10T10:51:08Z" finished-at="2018-04-10T10:51:10Z">
          <reporter-output>
          </reporter-output>
        </test-method> <!-- tu_010 -->
        <test-method status="PASS" signature="tu_011()[pri:0, instance:testcases.Batch_2m.Admin_job@c2df90e]" name="tu_011" duration-ms="5257" started-at="2018-04-10T10:51:10Z" finished-at="2018-04-10T10:51:15Z">
          <reporter-output>
          </reporter-output>
        </test-method> <!-- tu_011 -->
        <test-method status="PASS" signature="tu_012()[pri:0, instance:testcases.Batch_2m.Admin_job@c2df90e]" name="tu_012" duration-ms="1716" started-at="2018-04-10T10:51:15Z" depends-on-methods="testcases.Batch_2m.Admin_job.tu_011" finished-at="2018-04-10T10:51:17Z">
          <reporter-output>
          </reporter-output>
        </test-method> <!-- tu_012 -->
        <test-method status="PASS" signature="tu_013()[pri:0, instance:testcases.Batch_2m.Admin_job@c2df90e]" name="tu_013" duration-ms="5788" started-at="2018-04-10T10:51:17Z" depends-on-methods="testcases.Batch_2m.Admin_job.tu_012" finished-at="2018-04-10T10:51:23Z">
          <reporter-output>
          </reporter-output>
        </test-method> <!-- tu_013 -->
        <test-method status="PASS" signature="close()[pri:0, instance:testcases.Batch_2m.Admin_job@c2df90e]" name="close" is-config="true" duration-ms="0" started-at="2018-04-10T10:51:23Z" finished-at="2018-04-10T10:51:23Z">
          <reporter-output>
          </reporter-output>
        </test-method> <!-- close -->
      </class> <!-- testcases.Batch_2m.Admin_job -->
      <class name="testcases.Batch_2m.Admin_PayGrades">
        <test-method status="PASS" signature="Launch(java.lang.String)[pri:0, instance:testcases.Batch_2m.Admin_PayGrades@41f3aaf1]" name="Launch" is-config="true" duration-ms="15908" started-at="2018-04-10T10:51:23Z" finished-at="2018-04-10T10:51:39Z">
          <params>
            <param index="0">
              <value>
                <![CDATA[firefox]]>
              </value>
            </param>
          </params>
          <reporter-output>
          </reporter-output>
        </test-method> <!-- Launch -->
        <test-method status="PASS" signature="tu_014()[pri:0, instance:testcases.Batch_2m.Admin_PayGrades@41f3aaf1]" name="tu_014" duration-ms="2652" started-at="2018-04-10T10:51:39Z" finished-at="2018-04-10T10:51:41Z">
          <reporter-output>
          </reporter-output>
        </test-method> <!-- tu_014 -->
        <test-method status="PASS" signature="tu_018()[pri:0, instance:testcases.Batch_2m.Admin_PayGrades@41f3aaf1]" name="tu_018" duration-ms="8330" started-at="2018-04-10T10:51:41Z" finished-at="2018-04-10T10:51:50Z">
          <reporter-output>
          </reporter-output>
        </test-method> <!-- tu_018 -->
        <test-method status="PASS" signature="tu_015()[pri:0, instance:testcases.Batch_2m.Admin_PayGrades@41f3aaf1]" name="tu_015" duration-ms="1888" started-at="2018-04-10T10:51:50Z" depends-on-methods="testcases.Batch_2m.Admin_PayGrades.tu_014" finished-at="2018-04-10T10:51:51Z">
          <reporter-output>
          </reporter-output>
        </test-method> <!-- tu_015 -->
        <test-method status="PASS" signature="tu_016(java.lang.String)[pri:0, instance:testcases.Batch_2m.Admin_PayGrades@41f3aaf1]" name="tu_016" duration-ms="3401" started-at="2018-04-10T10:51:52Z" data-provider="TestData" depends-on-methods="testcases.Batch_2m.Admin_PayGrades.tu_015" finished-at="2018-04-10T10:51:55Z">
          <params>
            <param index="0">
              <value>
                <![CDATA[kamal]]>
              </value>
            </param>
          </params>
          <reporter-output>
          </reporter-output>
        </test-method> <!-- tu_016 -->
        <test-method status="PASS" signature="tu_016(java.lang.String)[pri:0, instance:testcases.Batch_2m.Admin_PayGrades@41f3aaf1]" name="tu_016" duration-ms="3495" started-at="2018-04-10T10:51:55Z" data-provider="TestData" depends-on-methods="testcases.Batch_2m.Admin_PayGrades.tu_015" finished-at="2018-04-10T10:51:58Z">
          <params>
            <param index="0">
              <value>
                <![CDATA[kamal123]]>
              </value>
            </param>
          </params>
          <reporter-output>
          </reporter-output>
        </test-method> <!-- tu_016 -->
        <test-method status="PASS" signature="tu_016(java.lang.String)[pri:0, instance:testcases.Batch_2m.Admin_PayGrades@41f3aaf1]" name="tu_016" duration-ms="3759" started-at="2018-04-10T10:51:58Z" data-provider="TestData" depends-on-methods="testcases.Batch_2m.Admin_PayGrades.tu_015" finished-at="2018-04-10T10:52:02Z">
          <params>
            <param index="0">
              <value>
                <![CDATA[456721]]>
              </value>
            </param>
          </params>
          <reporter-output>
          </reporter-output>
        </test-method> <!-- tu_016 -->
        <test-method status="PASS" signature="tu_016(java.lang.String)[pri:0, instance:testcases.Batch_2m.Admin_PayGrades@41f3aaf1]" name="tu_016" duration-ms="4165" started-at="2018-04-10T10:52:02Z" data-provider="TestData" depends-on-methods="testcases.Batch_2m.Admin_PayGrades.tu_015" finished-at="2018-04-10T10:52:06Z">
          <params>
            <param index="0">
              <value>
                <![CDATA[kamal_11]]>
              </value>
            </param>
          </params>
          <reporter-output>
          </reporter-output>
        </test-method> <!-- tu_016 -->
        <test-method status="PASS" signature="tu_016(java.lang.String)[pri:0, instance:testcases.Batch_2m.Admin_PayGrades@41f3aaf1]" name="tu_016" duration-ms="3947" started-at="2018-04-10T10:52:06Z" data-provider="TestData" depends-on-methods="testcases.Batch_2m.Admin_PayGrades.tu_015" finished-at="2018-04-10T10:52:10Z">
          <params>
            <param index="0">
              <value>
                <![CDATA[_kamal]]>
              </value>
            </param>
          </params>
          <reporter-output>
          </reporter-output>
        </test-method> <!-- tu_016 -->
        <test-method status="PASS" signature="tu_017()[pri:0, instance:testcases.Batch_2m.Admin_PayGrades@41f3aaf1]" name="tu_017" duration-ms="5803" started-at="2018-04-10T10:52:10Z" depends-on-methods="testcases.Batch_2m.Admin_PayGrades.tu_015" finished-at="2018-04-10T10:52:16Z">
          <reporter-output>
          </reporter-output>
        </test-method> <!-- tu_017 -->
        <test-method status="PASS" signature="close()[pri:0, instance:testcases.Batch_2m.Admin_PayGrades@41f3aaf1]" name="close" is-config="true" duration-ms="0" started-at="2018-04-10T10:52:16Z" finished-at="2018-04-10T10:52:16Z">
          <reporter-output>
          </reporter-output>
        </test-method> <!-- close -->
      </class> <!-- testcases.Batch_2m.Admin_PayGrades -->
    </test> <!-- Test2.1 -->
    <test name="Test3.1" duration-ms="86261" started-at="2018-04-10T05:22:16Z" finished-at="2018-04-10T05:23:42Z">
      <class name="testcases.Batch_2m.Employee_Class">
        <test-method status="PASS" signature="launch(java.lang.String)[pri:0, instance:testcases.Batch_2m.Employee_Class@e5c2463]" name="launch" is-config="true" duration-ms="36776" started-at="2018-04-10T10:52:16Z" finished-at="2018-04-10T10:52:53Z">
          <params>
            <param index="0">
              <value>
                <![CDATA[firefox]]>
              </value>
            </param>
          </params>
          <reporter-output>
          </reporter-output>
        </test-method> <!-- launch -->
        <test-method status="PASS" signature="tu_019()[pri:0, instance:testcases.Batch_2m.Employee_Class@e5c2463]" name="tu_019" duration-ms="4727" started-at="2018-04-10T10:52:53Z" finished-at="2018-04-10T10:52:58Z">
          <reporter-output>
          </reporter-output>
        </test-method> <!-- tu_019 -->
        <test-method status="PASS" signature="tu_020()[pri:0, instance:testcases.Batch_2m.Employee_Class@e5c2463]" name="tu_020" duration-ms="4493" started-at="2018-04-10T10:52:58Z" depends-on-methods="testcases.Batch_2m.Employee_Class.tu_019" finished-at="2018-04-10T10:53:02Z">
          <reporter-output>
          </reporter-output>
        </test-method> <!-- tu_020 -->
        <test-method status="PASS" signature="tu_021()[pri:0, instance:testcases.Batch_2m.Employee_Class@e5c2463]" name="tu_021" duration-ms="14383" started-at="2018-04-10T10:53:02Z" depends-on-methods="testcases.Batch_2m.Employee_Class.tu_020" finished-at="2018-04-10T10:53:17Z">
          <reporter-output>
          </reporter-output>
        </test-method> <!-- tu_021 -->
        <test-method status="PASS" signature="close()[pri:0, instance:testcases.Batch_2m.Employee_Class@e5c2463]" name="close" is-config="true" duration-ms="16" started-at="2018-04-10T10:53:17Z" finished-at="2018-04-10T10:53:17Z">
          <reporter-output>
          </reporter-output>
        </test-method> <!-- close -->
      </class> <!-- testcases.Batch_2m.Employee_Class -->
      <class name="testcases.Batch_2m.Org_Gen_Info">
        <test-method status="PASS" signature="launch(java.lang.String)[pri:0, instance:testcases.Batch_2m.Org_Gen_Info@4f7be6c8]" name="launch" is-config="true" duration-ms="21046" started-at="2018-04-10T10:53:17Z" finished-at="2018-04-10T10:53:38Z">
          <params>
            <param index="0">
              <value>
                <![CDATA[firefox]]>
              </value>
            </param>
          </params>
          <reporter-output>
          </reporter-output>
        </test-method> <!-- launch -->
        <test-method status="PASS" signature="tu_022()[pri:0, instance:testcases.Batch_2m.Org_Gen_Info@4f7be6c8]" name="tu_022" duration-ms="2542" started-at="2018-04-10T10:53:38Z" finished-at="2018-04-10T10:53:40Z">
          <reporter-output>
          </reporter-output>
        </test-method> <!-- tu_022 -->
        <test-method status="PASS" signature="tu_023()[pri:0, instance:testcases.Batch_2m.Org_Gen_Info@4f7be6c8]" name="tu_023" duration-ms="2278" started-at="2018-04-10T10:53:40Z" depends-on-methods="testcases.Batch_2m.Org_Gen_Info.tu_022" finished-at="2018-04-10T10:53:42Z">
          <reporter-output>
          </reporter-output>
        </test-method> <!-- tu_023 -->
        <test-method status="PASS" signature="close()[pri:0, instance:testcases.Batch_2m.Org_Gen_Info@4f7be6c8]" name="close" is-config="true" duration-ms="0" started-at="2018-04-10T10:53:42Z" finished-at="2018-04-10T10:53:42Z">
          <reporter-output>
          </reporter-output>
        </test-method> <!-- close -->
      </class> <!-- testcases.Batch_2m.Org_Gen_Info -->
    </test> <!-- Test3.1 -->
    <test name="Test3" duration-ms="70893" started-at="2018-04-10T05:23:42Z" finished-at="2018-04-10T05:24:53Z">
      <class name="testcases.Batch_2m.Employee_Class">
        <test-method status="PASS" signature="launch(java.lang.String)[pri:0, instance:testcases.Batch_2m.Employee_Class@69c532af]" name="launch" is-config="true" duration-ms="62679" started-at="2018-04-10T10:53:42Z" finished-at="2018-04-10T10:54:45Z">
          <params>
            <param index="0">
              <value>
                <![CDATA[chrome]]>
              </value>
            </param>
          </params>
          <reporter-output>
          </reporter-output>
        </test-method> <!-- launch -->
        <test-method status="PASS" signature="tu_019()[pri:0, instance:testcases.Batch_2m.Employee_Class@69c532af]" name="tu_019" duration-ms="1244" started-at="2018-04-10T10:54:45Z" finished-at="2018-04-10T10:54:46Z">
          <reporter-output>
          </reporter-output>
        </test-method> <!-- tu_019 -->
        <test-method status="PASS" signature="tu_020()[pri:0, instance:testcases.Batch_2m.Employee_Class@69c532af]" name="tu_020" duration-ms="4418" started-at="2018-04-10T10:54:46Z" depends-on-methods="testcases.Batch_2m.Employee_Class.tu_019" finished-at="2018-04-10T10:54:51Z">
          <reporter-output>
          </reporter-output>
        </test-method> <!-- tu_020 -->
        <test-method status="PASS" signature="tu_021()[pri:0, instance:testcases.Batch_2m.Employee_Class@69c532af]" name="tu_021" duration-ms="2492" started-at="2018-04-10T10:54:51Z" depends-on-methods="testcases.Batch_2m.Employee_Class.tu_020" finished-at="2018-04-10T10:54:53Z">
          <reporter-output>
          </reporter-output>
        </test-method> <!-- tu_021 -->
        <test-method status="PASS" signature="close()[pri:0, instance:testcases.Batch_2m.Employee_Class@69c532af]" name="close" is-config="true" duration-ms="52" started-at="2018-04-10T10:54:53Z" finished-at="2018-04-10T10:54:53Z">
          <reporter-output>
          </reporter-output>
        </test-method> <!-- close -->
      </class> <!-- testcases.Batch_2m.Employee_Class -->
      <class name="testcases.Batch_2m.Org_Gen_Info">
        <test-method status="PASS" signature="launch(java.lang.String)[pri:0, instance:testcases.Batch_2m.Org_Gen_Info@45a1d057]" name="launch" is-config="true" duration-ms="52404" started-at="2018-04-10T10:53:42Z" finished-at="2018-04-10T10:54:35Z">
          <params>
            <param index="0">
              <value>
                <![CDATA[chrome]]>
              </value>
            </param>
          </params>
          <reporter-output>
          </reporter-output>
        </test-method> <!-- launch -->
        <test-method status="PASS" signature="tu_022()[pri:0, instance:testcases.Batch_2m.Org_Gen_Info@45a1d057]" name="tu_022" duration-ms="1358" started-at="2018-04-10T10:54:35Z" finished-at="2018-04-10T10:54:36Z">
          <reporter-output>
          </reporter-output>
        </test-method> <!-- tu_022 -->
        <test-method status="PASS" signature="tu_023()[pri:0, instance:testcases.Batch_2m.Org_Gen_Info@45a1d057]" name="tu_023" duration-ms="1620" started-at="2018-04-10T10:54:36Z" depends-on-methods="testcases.Batch_2m.Org_Gen_Info.tu_022" finished-at="2018-04-10T10:54:38Z">
          <reporter-output>
          </reporter-output>
        </test-method> <!-- tu_023 -->
        <test-method status="PASS" signature="close()[pri:0, instance:testcases.Batch_2m.Org_Gen_Info@45a1d057]" name="close" is-config="true" duration-ms="78" started-at="2018-04-10T10:54:38Z" finished-at="2018-04-10T10:54:38Z">
          <reporter-output>
          </reporter-output>
        </test-method> <!-- close -->
      </class> <!-- testcases.Batch_2m.Org_Gen_Info -->
    </test> <!-- Test3 -->
    <test name="Test4.1" duration-ms="179465" started-at="2018-04-10T05:24:53Z" finished-at="2018-04-10T05:27:53Z">
      <class name="testcases.Batch_2m.Org_struct">
        <test-method status="PASS" signature="launch(java.lang.String)[pri:0, instance:testcases.Batch_2m.Org_struct@46320c9a]" name="launch" is-config="true" duration-ms="56275" started-at="2018-04-10T10:54:53Z" finished-at="2018-04-10T10:55:50Z">
          <params>
            <param index="0">
              <value>
                <![CDATA[firefox]]>
              </value>
            </param>
          </params>
          <reporter-output>
          </reporter-output>
        </test-method> <!-- launch -->
        <test-method status="PASS" signature="tu_024()[pri:0, instance:testcases.Batch_2m.Org_struct@46320c9a]" name="tu_024" duration-ms="52681" started-at="2018-04-10T10:55:50Z" finished-at="2018-04-10T10:56:42Z">
          <reporter-output>
          </reporter-output>
        </test-method> <!-- tu_024 -->
        <test-method status="PASS" signature="tu_025()[pri:0, instance:testcases.Batch_2m.Org_struct@46320c9a]" name="tu_025" duration-ms="12293" started-at="2018-04-10T10:56:42Z" depends-on-methods="testcases.Batch_2m.Org_struct.tu_024" finished-at="2018-04-10T10:56:55Z">
          <reporter-output>
          </reporter-output>
        </test-method> <!-- tu_025 -->
        <test-method status="FAIL" signature="tu_026()[pri:0, instance:testcases.Batch_2m.Org_struct@46320c9a]" name="tu_026" duration-ms="8502" started-at="2018-04-10T10:56:55Z" depends-on-methods="testcases.Batch_2m.Org_struct.tu_025" finished-at="2018-04-10T10:57:03Z">
          <exception class="org.openqa.selenium.WebDriverException">
            <message>
              <![CDATA[Element is not clickable at point (76, 396). Other element would receive the click: <div class="modal-backdrop  in"></div>
Command duration or timeout: 8.49 seconds
Build info: version: '2.53.0', revision: '35ae25b1534ae328c771e0856c93e187490ca824', time: '2016-03-15 10:43:46'
System info: host: 'Chaitu-PC', ip: '192.168.43.149', os.name: 'Windows 7', os.arch: 'amd64', os.version: '6.1', java.version: '1.8.0_121'
Driver info: org.openqa.selenium.firefox.FirefoxDriver
Capabilities [{applicationCacheEnabled=true, rotatable=false, handlesAlerts=true, databaseEnabled=true, version=40.0, platform=WINDOWS, nativeEvents=false, acceptSslCerts=true, webStorageEnabled=true, locationContextEnabled=true, browserName=firefox, takesScreenshot=true, javascriptEnabled=true, cssSelectorsEnabled=true}]
Session ID: 26af5d33-86d5-41d7-8396-18de08f80611]]>
            </message>
            <full-stacktrace>
              <![CDATA[org.openqa.selenium.WebDriverException: Element is not clickable at point (76, 396). Other element would receive the click: <div class="modal-backdrop  in"></div>
Command duration or timeout: 8.49 seconds
Build info: version: '2.53.0', revision: '35ae25b1534ae328c771e0856c93e187490ca824', time: '2016-03-15 10:43:46'
System info: host: 'Chaitu-PC', ip: '192.168.43.149', os.name: 'Windows 7', os.arch: 'amd64', os.version: '6.1', java.version: '1.8.0_121'
Driver info: org.openqa.selenium.firefox.FirefoxDriver
Capabilities [{applicationCacheEnabled=true, rotatable=false, handlesAlerts=true, databaseEnabled=true, version=40.0, platform=WINDOWS, nativeEvents=false, acceptSslCerts=true, webStorageEnabled=true, locationContextEnabled=true, browserName=firefox, takesScreenshot=true, javascriptEnabled=true, cssSelectorsEnabled=true}]
Session ID: 26af5d33-86d5-41d7-8396-18de08f80611
	at sun.reflect.NativeConstructorAccessorImpl.newInstance0(Native Method)
	at sun.reflect.NativeConstructorAccessorImpl.newInstance(NativeConstructorAccessorImpl.java:62)
	at sun.reflect.DelegatingConstructorAccessorImpl.newInstance(DelegatingConstructorAccessorImpl.java:45)
	at java.lang.reflect.Constructor.newInstance(Constructor.java:423)
	at org.openqa.selenium.remote.ErrorHandler.createThrowable(ErrorHandler.java:206)
	at org.openqa.selenium.remote.ErrorHandler.throwIfResponseFailed(ErrorHandler.java:158)
	at org.openqa.selenium.remote.RemoteWebDriver.execute(RemoteWebDriver.java:678)
	at org.openqa.selenium.remote.RemoteWebElement.execute(RemoteWebElement.java:327)
	at org.openqa.selenium.remote.RemoteWebElement.click(RemoteWebElement.java:85)
	at testcases.Batch_2m.Org_struct.tu_026(Org_struct.java:117)
	at sun.reflect.NativeMethodAccessorImpl.invoke0(Native Method)
	at sun.reflect.NativeMethodAccessorImpl.invoke(NativeMethodAccessorImpl.java:62)
	at sun.reflect.DelegatingMethodAccessorImpl.invoke(DelegatingMethodAccessorImpl.java:43)
	at java.lang.reflect.Method.invoke(Method.java:498)
	at org.testng.internal.MethodInvocationHelper.invokeMethod(MethodInvocationHelper.java:80)
	at org.testng.internal.Invoker.invokeMethod(Invoker.java:714)
	at org.testng.internal.Invoker.invokeTestMethod(Invoker.java:901)
	at org.testng.internal.Invoker.invokeTestMethods(Invoker.java:1231)
	at org.testng.internal.TestMethodWorker.invokeTestMethods(TestMethodWorker.java:127)
	at org.testng.internal.TestMethodWorker.run(TestMethodWorker.java:111)
	at org.testng.TestRunner.privateRun(TestRunner.java:767)
	at org.testng.TestRunner.run(TestRunner.java:617)
	at org.testng.SuiteRunner.runTest(SuiteRunner.java:334)
	at org.testng.SuiteRunner.runSequentially(SuiteRunner.java:329)
	at org.testng.SuiteRunner.privateRun(SuiteRunner.java:291)
	at org.testng.SuiteRunner.run(SuiteRunner.java:240)
	at org.testng.SuiteRunnerWorker.runSuite(SuiteRunnerWorker.java:52)
	at org.testng.SuiteRunnerWorker.run(SuiteRunnerWorker.java:86)
	at org.testng.TestNG.runSuitesSequentially(TestNG.java:1198)
	at org.testng.TestNG.runSuitesLocally(TestNG.java:1123)
	at org.testng.TestNG.run(TestNG.java:1031)
	at org.apache.maven.surefire.testng.TestNGExecutor.run(TestNGExecutor.java:295)
	at org.apache.maven.surefire.testng.TestNGXmlTestSuite.execute(TestNGXmlTestSuite.java:84)
	at org.apache.maven.surefire.testng.TestNGProvider.invoke(TestNGProvider.java:90)
	at sun.reflect.NativeMethodAccessorImpl.invoke0(Native Method)
	at sun.reflect.NativeMethodAccessorImpl.invoke(NativeMethodAccessorImpl.java:62)
	at sun.reflect.DelegatingMethodAccessorImpl.invoke(DelegatingMethodAccessorImpl.java:43)
	at java.lang.reflect.Method.invoke(Method.java:498)
	at org.apache.maven.surefire.util.ReflectionUtils.invokeMethodWithArray2(ReflectionUtils.java:208)
	at org.apache.maven.surefire.booter.ProviderFactory$ProviderProxy.invoke(ProviderFactory.java:155)
	at org.apache.maven.surefire.booter.ProviderFactory.invokeProvider(ProviderFactory.java:81)
	at org.apache.maven.plugin.surefire.InPluginVMSurefireStarter.runSuitesInProcess(InPluginVMSurefireStarter.java:82)
	at org.apache.maven.plugin.surefire.AbstractSurefireMojo.executeProvider(AbstractSurefireMojo.java:974)
	at org.apache.maven.plugin.surefire.AbstractSurefireMojo.executeAfterPreconditionsChecked(AbstractSurefireMojo.java:824)
	at org.apache.maven.plugin.surefire.AbstractSurefireMojo.execute(AbstractSurefireMojo.java:722)
	at org.apache.maven.plugin.DefaultBuildPluginManager.executeMojo(DefaultBuildPluginManager.java:134)
	at org.apache.maven.lifecycle.internal.MojoExecutor.execute(MojoExecutor.java:207)
	at org.apache.maven.lifecycle.internal.MojoExecutor.execute(MojoExecutor.java:153)
	at org.apache.maven.lifecycle.internal.MojoExecutor.execute(MojoExecutor.java:145)
	at org.apache.maven.lifecycle.internal.LifecycleModuleBuilder.buildProject(LifecycleModuleBuilder.java:116)
	at org.apache.maven.lifecycle.internal.LifecycleModuleBuilder.buildProject(LifecycleModuleBuilder.java:80)
	at org.apache.maven.lifecycle.internal.builder.singlethreaded.SingleThreadedBuilder.build(SingleThreadedBuilder.java:51)
	at org.apache.maven.lifecycle.internal.LifecycleStarter.execute(LifecycleStarter.java:128)
	at org.apache.maven.DefaultMaven.doExecute(DefaultMaven.java:307)
	at org.apache.maven.DefaultMaven.doExecute(DefaultMaven.java:193)
	at org.apache.maven.DefaultMaven.execute(DefaultMaven.java:106)
	at org.apache.maven.cli.MavenCli.execute(MavenCli.java:863)
	at org.apache.maven.cli.MavenCli.doMain(MavenCli.java:288)
	at org.apache.maven.cli.MavenCli.main(MavenCli.java:199)
	at sun.reflect.NativeMethodAccessorImpl.invoke0(Native Method)
	at sun.reflect.NativeMethodAccessorImpl.invoke(NativeMethodAccessorImpl.java:62)
	at sun.reflect.DelegatingMethodAccessorImpl.invoke(DelegatingMethodAccessorImpl.java:43)
	at java.lang.reflect.Method.invoke(Method.java:498)
	at org.codehaus.plexus.classworlds.launcher.Launcher.launchEnhanced(Launcher.java:289)
	at org.codehaus.plexus.classworlds.launcher.Launcher.launch(Launcher.java:229)
	at org.codehaus.plexus.classworlds.launcher.Launcher.mainWithExitCode(Launcher.java:415)
	at org.codehaus.plexus.classworlds.launcher.Launcher.main(Launcher.java:356)
]]>
            </full-stacktrace>
          </exception> <!-- org.openqa.selenium.WebDriverException -->
          <reporter-output>
          </reporter-output>
        </test-method> <!-- tu_026 -->
        <test-method status="PASS" signature="close()[pri:0, instance:testcases.Batch_2m.Org_struct@46320c9a]" name="close" is-config="true" duration-ms="1762" started-at="2018-04-10T10:57:03Z" finished-at="2018-04-10T10:57:05Z">
          <reporter-output>
          </reporter-output>
        </test-method> <!-- close -->
      </class> <!-- testcases.Batch_2m.Org_struct -->
      <class name="testcases.Batch_2m.Nationality">
        <test-method status="PASS" signature="Launch(java.lang.String)[pri:0, instance:testcases.Batch_2m.Nationality@2be818da]" name="Launch" is-config="true" duration-ms="36938" started-at="2018-04-10T10:57:05Z" finished-at="2018-04-10T10:57:42Z">
          <params>
            <param index="0">
              <value>
                <![CDATA[firefox]]>
              </value>
            </param>
          </params>
          <reporter-output>
          </reporter-output>
        </test-method> <!-- Launch -->
        <test-method status="PASS" signature="tu_027()[pri:0, instance:testcases.Batch_2m.Nationality@2be818da]" name="tu_027" duration-ms="2277" started-at="2018-04-10T10:57:42Z" finished-at="2018-04-10T10:57:44Z">
          <reporter-output>
          </reporter-output>
        </test-method> <!-- tu_027 -->
        <test-method status="PASS" signature="tu_028()[pri:0, instance:testcases.Batch_2m.Nationality@2be818da]" name="tu_028" duration-ms="4244" started-at="2018-04-10T10:57:44Z" depends-on-methods="testcases.Batch_2m.Nationality.tu_027" finished-at="2018-04-10T10:57:48Z">
          <reporter-output>
          </reporter-output>
        </test-method> <!-- tu_028 -->
        <test-method status="PASS" signature="tu_029()[pri:0, instance:testcases.Batch_2m.Nationality@2be818da]" name="tu_029" duration-ms="4477" started-at="2018-04-10T10:57:48Z" depends-on-methods="testcases.Batch_2m.Nationality.tu_028" finished-at="2018-04-10T10:57:53Z">
          <reporter-output>
          </reporter-output>
        </test-method> <!-- tu_029 -->
        <test-method status="PASS" signature="close()[pri:0, instance:testcases.Batch_2m.Nationality@2be818da]" name="close" is-config="true" duration-ms="0" started-at="2018-04-10T10:57:53Z" finished-at="2018-04-10T10:57:53Z">
          <reporter-output>
          </reporter-output>
        </test-method> <!-- close -->
      </class> <!-- testcases.Batch_2m.Nationality -->
    </test> <!-- Test4.1 -->
    <test name="Test4" duration-ms="84123" started-at="2018-04-10T05:27:53Z" finished-at="2018-04-10T05:29:17Z">
      <class name="testcases.Batch_2m.Org_struct">
        <test-method status="PASS" signature="launch(java.lang.String)[pri:0, instance:testcases.Batch_2m.Org_struct@5c931134]" name="launch" is-config="true" duration-ms="41444" started-at="2018-04-10T10:57:53Z" finished-at="2018-04-10T10:58:34Z">
          <params>
            <param index="0">
              <value>
                <![CDATA[chrome]]>
              </value>
            </param>
          </params>
          <reporter-output>
          </reporter-output>
        </test-method> <!-- launch -->
        <test-method status="PASS" signature="tu_024()[pri:0, instance:testcases.Batch_2m.Org_struct@5c931134]" name="tu_024" duration-ms="5663" started-at="2018-04-10T10:58:34Z" finished-at="2018-04-10T10:58:40Z">
          <reporter-output>
          </reporter-output>
        </test-method> <!-- tu_024 -->
        <test-method status="PASS" signature="tu_025()[pri:0, instance:testcases.Batch_2m.Org_struct@5c931134]" name="tu_025" duration-ms="8235" started-at="2018-04-10T10:58:40Z" depends-on-methods="testcases.Batch_2m.Org_struct.tu_024" finished-at="2018-04-10T10:58:48Z">
          <reporter-output>
          </reporter-output>
        </test-method> <!-- tu_025 -->
        <test-method status="FAIL" signature="tu_026()[pri:0, instance:testcases.Batch_2m.Org_struct@5c931134]" name="tu_026" duration-ms="600" started-at="2018-04-10T10:58:48Z" depends-on-methods="testcases.Batch_2m.Org_struct.tu_025" finished-at="2018-04-10T10:58:49Z">
          <exception class="org.openqa.selenium.ElementNotVisibleException">
            <message>
              <![CDATA[element not visible
  (Session info: chrome=65.0.3325.181)
  (Driver info: chromedriver=2.35.528161 (5b82f2d2aae0ca24b877009200ced9065a772e73),platform=Windows NT 6.1.7601 SP1 x86_64) (WARNING: The server did not provide any stacktrace information)
Command duration or timeout: 31 milliseconds
Build info: version: '2.53.0', revision: '35ae25b1534ae328c771e0856c93e187490ca824', time: '2016-03-15 10:43:46'
System info: host: 'Chaitu-PC', ip: '192.168.43.149', os.name: 'Windows 7', os.arch: 'amd64', os.version: '6.1', java.version: '1.8.0_121'
Driver info: org.openqa.selenium.chrome.ChromeDriver
Capabilities [{applicationCacheEnabled=false, rotatable=false, mobileEmulationEnabled=false, networkConnectionEnabled=false, chrome={chromedriverVersion=2.35.528161 (5b82f2d2aae0ca24b877009200ced9065a772e73), userDataDir=C:\Users\Chaitu\AppData\Local\Temp\scoped_dir3316_8518}, takesHeapSnapshot=true, pageLoadStrategy=normal, databaseEnabled=false, handlesAlerts=true, hasTouchScreen=false, version=65.0.3325.181, platform=XP, browserConnectionEnabled=false, nativeEvents=true, acceptSslCerts=false, acceptInsecureCerts=false, locationContextEnabled=true, webStorageEnabled=true, browserName=chrome, takesScreenshot=true, javascriptEnabled=true, cssSelectorsEnabled=true, setWindowRect=true, unexpectedAlertBehaviour=}]
Session ID: fd77c99ddcf3fa0cd10c9d02dad07e48]]>
            </message>
            <full-stacktrace>
              <![CDATA[org.openqa.selenium.ElementNotVisibleException: element not visible
  (Session info: chrome=65.0.3325.181)
  (Driver info: chromedriver=2.35.528161 (5b82f2d2aae0ca24b877009200ced9065a772e73),platform=Windows NT 6.1.7601 SP1 x86_64) (WARNING: The server did not provide any stacktrace information)
Command duration or timeout: 31 milliseconds
Build info: version: '2.53.0', revision: '35ae25b1534ae328c771e0856c93e187490ca824', time: '2016-03-15 10:43:46'
System info: host: 'Chaitu-PC', ip: '192.168.43.149', os.name: 'Windows 7', os.arch: 'amd64', os.version: '6.1', java.version: '1.8.0_121'
Driver info: org.openqa.selenium.chrome.ChromeDriver
Capabilities [{applicationCacheEnabled=false, rotatable=false, mobileEmulationEnabled=false, networkConnectionEnabled=false, chrome={chromedriverVersion=2.35.528161 (5b82f2d2aae0ca24b877009200ced9065a772e73), userDataDir=C:\Users\Chaitu\AppData\Local\Temp\scoped_dir3316_8518}, takesHeapSnapshot=true, pageLoadStrategy=normal, databaseEnabled=false, handlesAlerts=true, hasTouchScreen=false, version=65.0.3325.181, platform=XP, browserConnectionEnabled=false, nativeEvents=true, acceptSslCerts=false, acceptInsecureCerts=false, locationContextEnabled=true, webStorageEnabled=true, browserName=chrome, takesScreenshot=true, javascriptEnabled=true, cssSelectorsEnabled=true, setWindowRect=true, unexpectedAlertBehaviour=}]
Session ID: fd77c99ddcf3fa0cd10c9d02dad07e48
	at sun.reflect.NativeConstructorAccessorImpl.newInstance0(Native Method)
	at sun.reflect.NativeConstructorAccessorImpl.newInstance(NativeConstructorAccessorImpl.java:62)
	at sun.reflect.DelegatingConstructorAccessorImpl.newInstance(DelegatingConstructorAccessorImpl.java:45)
	at java.lang.reflect.Constructor.newInstance(Constructor.java:423)
	at org.openqa.selenium.remote.ErrorHandler.createThrowable(ErrorHandler.java:206)
	at org.openqa.selenium.remote.ErrorHandler.throwIfResponseFailed(ErrorHandler.java:158)
	at org.openqa.selenium.remote.RemoteWebDriver.execute(RemoteWebDriver.java:678)
	at org.openqa.selenium.remote.RemoteWebElement.execute(RemoteWebElement.java:327)
	at org.openqa.selenium.remote.RemoteWebElement.click(RemoteWebElement.java:85)
	at testcases.Batch_2m.Org_struct.tu_026(Org_struct.java:133)
	at sun.reflect.NativeMethodAccessorImpl.invoke0(Native Method)
	at sun.reflect.NativeMethodAccessorImpl.invoke(NativeMethodAccessorImpl.java:62)
	at sun.reflect.DelegatingMethodAccessorImpl.invoke(DelegatingMethodAccessorImpl.java:43)
	at java.lang.reflect.Method.invoke(Method.java:498)
	at org.testng.internal.MethodInvocationHelper.invokeMethod(MethodInvocationHelper.java:80)
	at org.testng.internal.Invoker.invokeMethod(Invoker.java:714)
	at org.testng.internal.Invoker.invokeTestMethod(Invoker.java:901)
	at org.testng.internal.Invoker.invokeTestMethods(Invoker.java:1231)
	at org.testng.internal.TestMethodWorker.invokeTestMethods(TestMethodWorker.java:127)
	at org.testng.internal.TestMethodWorker.run(TestMethodWorker.java:111)
	at java.util.concurrent.ThreadPoolExecutor.runWorker(ThreadPoolExecutor.java:1142)
	at java.util.concurrent.ThreadPoolExecutor$Worker.run(ThreadPoolExecutor.java:617)
	at java.lang.Thread.run(Thread.java:745)
]]>
            </full-stacktrace>
          </exception> <!-- org.openqa.selenium.ElementNotVisibleException -->
          <reporter-output>
          </reporter-output>
        </test-method> <!-- tu_026 -->
        <test-method status="PASS" signature="close()[pri:0, instance:testcases.Batch_2m.Org_struct@5c931134]" name="close" is-config="true" duration-ms="2314" started-at="2018-04-10T10:58:49Z" finished-at="2018-04-10T10:58:51Z">
          <reporter-output>
          </reporter-output>
        </test-method> <!-- close -->
      </class> <!-- testcases.Batch_2m.Org_struct -->
      <class name="testcases.Batch_2m.Nationality">
        <test-method status="PASS" signature="Launch(java.lang.String)[pri:0, instance:testcases.Batch_2m.Nationality@23e3f5cd]" name="Launch" is-config="true" duration-ms="71923" started-at="2018-04-10T10:57:53Z" finished-at="2018-04-10T10:59:05Z">
          <params>
            <param index="0">
              <value>
                <![CDATA[chrome]]>
              </value>
            </param>
          </params>
          <reporter-output>
          </reporter-output>
        </test-method> <!-- Launch -->
        <test-method status="PASS" signature="tu_027()[pri:0, instance:testcases.Batch_2m.Nationality@23e3f5cd]" name="tu_027" duration-ms="1411" started-at="2018-04-10T10:59:05Z" finished-at="2018-04-10T10:59:06Z">
          <reporter-output>
          </reporter-output>
        </test-method> <!-- tu_027 -->
        <test-method status="PASS" signature="tu_028()[pri:0, instance:testcases.Batch_2m.Nationality@23e3f5cd]" name="tu_028" duration-ms="4530" started-at="2018-04-10T10:59:06Z" depends-on-methods="testcases.Batch_2m.Nationality.tu_027" finished-at="2018-04-10T10:59:11Z">
          <reporter-output>
          </reporter-output>
        </test-method> <!-- tu_028 -->
        <test-method status="PASS" signature="tu_029()[pri:0, instance:testcases.Batch_2m.Nationality@23e3f5cd]" name="tu_029" duration-ms="3920" started-at="2018-04-10T10:59:11Z" depends-on-methods="testcases.Batch_2m.Nationality.tu_028" finished-at="2018-04-10T10:59:15Z">
          <reporter-output>
          </reporter-output>
        </test-method> <!-- tu_029 -->
        <test-method status="PASS" signature="close()[pri:0, instance:testcases.Batch_2m.Nationality@23e3f5cd]" name="close" is-config="true" duration-ms="2337" started-at="2018-04-10T10:59:15Z" finished-at="2018-04-10T10:59:17Z">
          <reporter-output>
          </reporter-output>
        </test-method> <!-- close -->
      </class> <!-- testcases.Batch_2m.Nationality -->
    </test> <!-- Test4 -->
  </suite> <!-- Suite -->
</testng-results>
